<?xml version="1.0" encoding="UTF-8"?>
<!-- Generated by org.testng.reporters.JUnitReportReporter -->
<testsuite hostname="BOOK-625UBEQ2K7" failures="0" tests="1" name="testCases.TC001_AccountRegistrationTest" time="3.219" errors="0" timestamp="2025-05-28T14:38:23 EDT" skipped="0">
  <testcase classname="testCases.TC001_AccountRegistrationTest" name="verify_account_registration" time="3.219"/>
</testsuite> <!-- testCases.TC001_AccountRegistrationTest -->
